07-23 22:53:14 com_github_MitjaNemec_ReplicateLayout.action_replicate_layout 392:Plugin executed on: 'linux'
07-23 22:53:14 com_github_MitjaNemec_ReplicateLayout.action_replicate_layout 393:Plugin executed with python version: '3.12.4 (main, Jun  7 2024, 06:33:07) [GCC 14.1.1 20240522]'
07-23 22:53:14 com_github_MitjaNemec_ReplicateLayout.action_replicate_layout 394:KiCad build version: 8.0.3
07-23 22:53:14 com_github_MitjaNemec_ReplicateLayout.action_replicate_layout 395:Plugin version: 3.0.3
07-23 22:53:14 com_github_MitjaNemec_ReplicateLayout.action_replicate_layout 396:Frame repr: <wx._core.Frame object at 0x7b45d3f7bec0>
07-23 22:53:14 com_github_MitjaNemec_ReplicateLayout.action_replicate_layout 420:Preparing replicator with C15 as a reference
07-23 22:53:14 com_github_MitjaNemec_ReplicateLayout.replicate_layout 117:getting a list of all footprints on board
07-23 22:53:14 com_github_MitjaNemec_ReplicateLayout.action_replicate_layout 468:source anchor footprint is 'C15'
Located on: ['CC_Buck0']
With filenames: ['CC_Buck.kicad_sch']
With sheet_id:['CC_Buck0']
07-23 22:53:14 com_github_MitjaNemec_ReplicateLayout.action_replicate_layout 475:Corresponding footprints are 
[('C36', ['CC_Buck3']), ('C29', ['CC_Buck2']), ('C22', ['CC_Buck1']), ('C15', ['CC_Buck0'])]
07-23 22:53:14 com_github_MitjaNemec_ReplicateLayout.action_replicate_layout 487:Showing dialog
07-23 22:53:14 com_github_MitjaNemec_ReplicateLayout.replicate_layout 472:constructing a list of sheets suitable for replication on level:'CC_Buck0', file:'CC_Buck.kicad_sch'
07-23 22:53:14 com_github_MitjaNemec_ReplicateLayout.replicate_layout 509:suitable sheets are:[['CC_Buck1'], ['CC_Buck2'], ['CC_Buck3']]
07-23 22:53:14 com_github_MitjaNemec_ReplicateLayout.replicate_layout 1507:Level selected: ['CC_Buck0']
07-23 22:53:14 com_github_MitjaNemec_ReplicateLayout.replicate_layout 1331:Filtering list of tracks
07-23 22:53:14 com_github_MitjaNemec_ReplicateLayout.action_replicate_layout 493:Toolbar position: wx.Point(1882, 105)
07-23 22:53:14 com_github_MitjaNemec_ReplicateLayout.action_replicate_layout 498:Dialog position: wx.Point(1443, 105)
07-23 22:53:29 com_github_MitjaNemec_ReplicateLayout.replicate_layout 472:constructing a list of sheets suitable for replication on level:'CC_Buck0', file:'CC_Buck.kicad_sch'
07-23 22:53:29 com_github_MitjaNemec_ReplicateLayout.replicate_layout 509:suitable sheets are:[['CC_Buck1'], ['CC_Buck2'], ['CC_Buck3']]
07-23 22:53:29 com_github_MitjaNemec_ReplicateLayout.action_replicate_layout 240:Replicating layout
07-23 22:53:29 com_github_MitjaNemec_ReplicateLayout.replicate_layout 288:Starting replication of sheets: [['CC_Buck1'], ['CC_Buck2'], ['CC_Buck3']]
on level: ['CC_Buck0']
with tracks=True, zone=True, text=True, text=True, intersecting=False, remove=False, locked footprints=False, group_only=False
07-23 22:53:29 root 332:updating GUI message: 'Preparing for replication'
07-23 22:53:29 com_github_MitjaNemec_ReplicateLayout.replicate_layout 358:Getting the list of source footprints
07-23 22:53:29 root 337:updating GUI with: 0
07-23 22:53:29 com_github_MitjaNemec_ReplicateLayout.replicate_layout 368:Getting the list of all the remaining footprints
07-23 22:53:29 com_github_MitjaNemec_ReplicateLayout.replicate_layout 375:Getting source tracks
07-23 22:53:29 com_github_MitjaNemec_ReplicateLayout.replicate_layout 1331:Filtering list of tracks
07-23 22:53:29 com_github_MitjaNemec_ReplicateLayout.replicate_layout 379:Getting source zones
07-23 22:53:29 com_github_MitjaNemec_ReplicateLayout.replicate_layout 383:Getting source text items
07-23 22:53:29 com_github_MitjaNemec_ReplicateLayout.replicate_layout 387:Getting source drawing items
07-23 22:53:29 root 332:updating GUI message: 'Replicating footprints'
07-23 22:53:29 com_github_MitjaNemec_ReplicateLayout.replicate_layout 861:Replicating footprints
07-23 22:53:29 com_github_MitjaNemec_ReplicateLayout.replicate_layout 868:Replicating footprints on sheet ['CC_Buck1']
07-23 22:53:29 com_github_MitjaNemec_ReplicateLayout.replicate_layout 985:Src text UUid:c4d6949e-74e3-4b12-b1f2-737d6a597aab
07-23 22:53:29 com_github_MitjaNemec_ReplicateLayout.replicate_layout 986:Dst text UUid:a34f0258-a4ba-4db6-998f-3c69c3ce6fb9
07-23 22:53:29 com_github_MitjaNemec_ReplicateLayout.replicate_layout 985:Src text UUid:90073251-2e62-404a-8742-6cf8998b1052
07-23 22:53:29 com_github_MitjaNemec_ReplicateLayout.replicate_layout 986:Dst text UUid:58f17d08-aa62-455c-8ce2-5d0de6d89ec2
07-23 22:53:29 com_github_MitjaNemec_ReplicateLayout.replicate_layout 985:Src text UUid:60623f48-17b7-4509-934d-4260b9a74921
07-23 22:53:29 com_github_MitjaNemec_ReplicateLayout.replicate_layout 986:Dst text UUid:85c9e5c2-d39d-4894-9108-33ea9e221606
07-23 22:53:29 com_github_MitjaNemec_ReplicateLayout.replicate_layout 985:Src text UUid:fdaee82a-917d-4935-9eff-c78dd2f0c620
07-23 22:53:29 com_github_MitjaNemec_ReplicateLayout.replicate_layout 986:Dst text UUid:30b8175a-4844-450a-9d91-78a1d49c6468
07-23 22:53:29 com_github_MitjaNemec_ReplicateLayout.replicate_layout 985:Src text UUid:8a3dad1e-8cc6-44c4-b464-457ebb9286ad
07-23 22:53:29 com_github_MitjaNemec_ReplicateLayout.replicate_layout 986:Dst text UUid:f0aeac02-eb4a-4132-b8db-de65e28bffb9
07-23 22:53:29 com_github_MitjaNemec_ReplicateLayout.replicate_layout 985:Src text UUid:05603edb-927d-41b1-8919-7bca402fbd68
07-23 22:53:29 com_github_MitjaNemec_ReplicateLayout.replicate_layout 986:Dst text UUid:13570d2f-78d7-4def-ba9f-8b6021700f03
07-23 22:53:29 com_github_MitjaNemec_ReplicateLayout.replicate_layout 985:Src text UUid:4f8e2c4a-131e-4f60-8dda-c2daabad5cc7
07-23 22:53:29 com_github_MitjaNemec_ReplicateLayout.replicate_layout 986:Dst text UUid:5babaaf0-2ec8-4310-aff3-7a402f5b52a6
07-23 22:53:29 com_github_MitjaNemec_ReplicateLayout.replicate_layout 985:Src text UUid:604820bb-f800-47fb-a253-08cc217ac098
07-23 22:53:29 com_github_MitjaNemec_ReplicateLayout.replicate_layout 986:Dst text UUid:dcc8f079-c16d-494e-a09c-3426711cde70
07-23 22:53:29 com_github_MitjaNemec_ReplicateLayout.replicate_layout 985:Src text UUid:d32ad901-3026-44f0-8b6e-76025fe29eea
07-23 22:53:29 com_github_MitjaNemec_ReplicateLayout.replicate_layout 986:Dst text UUid:3d9e254c-5984-4089-b8cf-52fa9ca6ed53
07-23 22:53:29 com_github_MitjaNemec_ReplicateLayout.replicate_layout 985:Src text UUid:78e15bee-13cd-4562-8256-5a4fd74ee82b
07-23 22:53:29 com_github_MitjaNemec_ReplicateLayout.replicate_layout 986:Dst text UUid:c23ab66d-6546-44ad-b2bc-a2f8976a317f
07-23 22:53:29 com_github_MitjaNemec_ReplicateLayout.replicate_layout 985:Src text UUid:f5eca2c7-f903-4be8-b5eb-4f12bad30704
07-23 22:53:29 com_github_MitjaNemec_ReplicateLayout.replicate_layout 986:Dst text UUid:e4798cf7-d873-40be-beac-d8ce53d2b944
07-23 22:53:29 com_github_MitjaNemec_ReplicateLayout.replicate_layout 985:Src text UUid:c6ed503e-3184-4934-b309-91e8fa8184c0
07-23 22:53:29 com_github_MitjaNemec_ReplicateLayout.replicate_layout 986:Dst text UUid:bfbf0dc9-5da5-4ae2-91ba-afcb5917503d
07-23 22:53:29 root 337:updating GUI with: 7
07-23 22:53:29 com_github_MitjaNemec_ReplicateLayout.replicate_layout 985:Src text UUid:c617bcc1-db17-4137-a9f5-31f3f3ffb40c
07-23 22:53:29 com_github_MitjaNemec_ReplicateLayout.replicate_layout 986:Dst text UUid:f793365f-73b7-4488-8fdb-28799f9c00d7
07-23 22:53:29 com_github_MitjaNemec_ReplicateLayout.replicate_layout 985:Src text UUid:be3673ce-d028-4851-afaa-46d99c2fef4f
07-23 22:53:29 com_github_MitjaNemec_ReplicateLayout.replicate_layout 986:Dst text UUid:942886e1-2536-4686-8c96-51a080d9e9eb
07-23 22:53:29 com_github_MitjaNemec_ReplicateLayout.replicate_layout 985:Src text UUid:c1bcb322-e4b9-4267-95ae-4d54615ccee1
07-23 22:53:29 com_github_MitjaNemec_ReplicateLayout.replicate_layout 986:Dst text UUid:efae60ef-2e21-4c3a-95f7-f63a62f41ee5
07-23 22:53:29 com_github_MitjaNemec_ReplicateLayout.replicate_layout 985:Src text UUid:27000cef-2c33-4b9f-97ef-d8a5b152c59b
07-23 22:53:29 com_github_MitjaNemec_ReplicateLayout.replicate_layout 986:Dst text UUid:62918e93-2b18-44ed-9e2f-02914700601e
07-23 22:53:29 com_github_MitjaNemec_ReplicateLayout.replicate_layout 985:Src text UUid:54c14952-423d-4001-89a5-55242dedb2e5
07-23 22:53:29 com_github_MitjaNemec_ReplicateLayout.replicate_layout 986:Dst text UUid:3f061eff-edf9-4655-a564-3c6cb122dd96
07-23 22:53:29 com_github_MitjaNemec_ReplicateLayout.replicate_layout 985:Src text UUid:f5e8259f-45e8-4ff6-9fb8-7e7012623617
07-23 22:53:29 com_github_MitjaNemec_ReplicateLayout.replicate_layout 986:Dst text UUid:c90b9abb-03d6-4728-a438-7eec9545d7aa
07-23 22:53:29 com_github_MitjaNemec_ReplicateLayout.replicate_layout 985:Src text UUid:3ce278a5-852c-4eda-901f-7e7ba26829a9
07-23 22:53:29 com_github_MitjaNemec_ReplicateLayout.replicate_layout 986:Dst text UUid:00504d1b-d115-495c-bec8-8f7bd4655aa5
07-23 22:53:29 com_github_MitjaNemec_ReplicateLayout.replicate_layout 985:Src text UUid:71a1cef2-9834-476c-b523-2fd944eb359f
07-23 22:53:29 com_github_MitjaNemec_ReplicateLayout.replicate_layout 986:Dst text UUid:d0565d0c-bb98-4ea3-ab44-c1d4f2521f38
07-23 22:53:29 com_github_MitjaNemec_ReplicateLayout.replicate_layout 985:Src text UUid:3976e1f7-daa7-4849-b9b4-219ceb85af90
07-23 22:53:29 com_github_MitjaNemec_ReplicateLayout.replicate_layout 986:Dst text UUid:6b70fee9-de16-4b81-a92e-058af0cdee4f
07-23 22:53:29 com_github_MitjaNemec_ReplicateLayout.replicate_layout 985:Src text UUid:dda5b80c-6d7f-499a-a3b7-60fb44c24bfb
07-23 22:53:29 com_github_MitjaNemec_ReplicateLayout.replicate_layout 986:Dst text UUid:59780437-42eb-45a0-9082-c5427287ead3
07-23 22:53:29 com_github_MitjaNemec_ReplicateLayout.replicate_layout 985:Src text UUid:9fa0e4c7-048f-4960-b8bc-9215f0466ecb
07-23 22:53:29 com_github_MitjaNemec_ReplicateLayout.replicate_layout 986:Dst text UUid:d209990f-f2f7-4563-a158-3f205a85361b
07-23 22:53:29 com_github_MitjaNemec_ReplicateLayout.replicate_layout 985:Src text UUid:cf65b72c-3775-4993-aff4-5bc85f3efdab
07-23 22:53:29 com_github_MitjaNemec_ReplicateLayout.replicate_layout 986:Dst text UUid:25bf0e4f-71bf-4f93-945a-6e9d5efff4a2
07-23 22:53:29 com_github_MitjaNemec_ReplicateLayout.replicate_layout 985:Src text UUid:7afc576b-b699-4529-8140-affc2f51ddf9
07-23 22:53:29 com_github_MitjaNemec_ReplicateLayout.replicate_layout 986:Dst text UUid:4f04fce3-0c85-4915-bdd3-20514387e61b
07-23 22:53:29 com_github_MitjaNemec_ReplicateLayout.replicate_layout 985:Src text UUid:e8b8795b-4e2e-4307-83bd-63268ad171d1
07-23 22:53:29 com_github_MitjaNemec_ReplicateLayout.replicate_layout 986:Dst text UUid:eebaf106-c638-429e-b558-427d8ef52777
07-23 22:53:29 com_github_MitjaNemec_ReplicateLayout.replicate_layout 985:Src text UUid:e9cdaa54-a5fb-4b1e-8ee9-c59db5dc4a7d
07-23 22:53:29 com_github_MitjaNemec_ReplicateLayout.replicate_layout 986:Dst text UUid:36965b44-9f9c-4962-bdaf-7329e5087628
07-23 22:53:29 com_github_MitjaNemec_ReplicateLayout.replicate_layout 985:Src text UUid:1c6bd82b-23bd-437f-aee8-d0d6cd0be3fc
07-23 22:53:29 com_github_MitjaNemec_ReplicateLayout.replicate_layout 986:Dst text UUid:f95a6696-3f20-46fa-ab10-cf7250e4dd7b
07-23 22:53:29 com_github_MitjaNemec_ReplicateLayout.replicate_layout 985:Src text UUid:1a64c125-f880-485f-af9c-f9d2929d773e
07-23 22:53:29 com_github_MitjaNemec_ReplicateLayout.replicate_layout 986:Dst text UUid:2d1c1cb2-c11b-45b3-a2b7-5a24d640814b
07-23 22:53:29 com_github_MitjaNemec_ReplicateLayout.replicate_layout 985:Src text UUid:9dd4e97a-b857-4ee0-8da3-626022f78d3e
07-23 22:53:29 com_github_MitjaNemec_ReplicateLayout.replicate_layout 986:Dst text UUid:0018e0ad-d98b-4df7-99eb-2b267d2ee73f
07-23 22:53:29 com_github_MitjaNemec_ReplicateLayout.replicate_layout 985:Src text UUid:ac637079-01fb-4cf7-8fe1-567f638616ea
07-23 22:53:29 com_github_MitjaNemec_ReplicateLayout.replicate_layout 986:Dst text UUid:5a4263f4-44b4-4107-97f6-05f0d1549a40
07-23 22:53:29 com_github_MitjaNemec_ReplicateLayout.replicate_layout 985:Src text UUid:1e9a2b4e-76da-45fe-9b2e-ad805a2afa5e
07-23 22:53:29 com_github_MitjaNemec_ReplicateLayout.replicate_layout 986:Dst text UUid:0ec5a69a-11bb-457c-b643-9b763690c202
07-23 22:53:29 com_github_MitjaNemec_ReplicateLayout.replicate_layout 985:Src text UUid:a2a240ae-4356-4149-9cc2-d20bece43a27
07-23 22:53:29 com_github_MitjaNemec_ReplicateLayout.replicate_layout 986:Dst text UUid:73d1c44c-a628-4bf9-9164-23bcb9df7446
07-23 22:53:29 com_github_MitjaNemec_ReplicateLayout.replicate_layout 985:Src text UUid:cd4d2ab9-452b-448c-93f8-531db628df56
07-23 22:53:29 com_github_MitjaNemec_ReplicateLayout.replicate_layout 986:Dst text UUid:63a93a25-6511-400f-9b36-fd22e2bc34b9
07-23 22:53:29 com_github_MitjaNemec_ReplicateLayout.replicate_layout 985:Src text UUid:8b404326-6ca6-4ba9-8660-43e113dd9470
07-23 22:53:29 com_github_MitjaNemec_ReplicateLayout.replicate_layout 986:Dst text UUid:63b4f5fd-4dfe-4f1e-84ab-4e816077eb3a
07-23 22:53:29 com_github_MitjaNemec_ReplicateLayout.replicate_layout 985:Src text UUid:25ea2ada-7914-4c22-92e0-6666d59fab21
07-23 22:53:29 com_github_MitjaNemec_ReplicateLayout.replicate_layout 986:Dst text UUid:295afc1c-6994-4e8f-8761-87ff49a1d454
07-23 22:53:29 com_github_MitjaNemec_ReplicateLayout.replicate_layout 985:Src text UUid:22178c8b-e0ef-48c6-8b28-a6aaa47f7eb9
07-23 22:53:29 com_github_MitjaNemec_ReplicateLayout.replicate_layout 986:Dst text UUid:857a3fe7-3524-40e0-8a6e-135263f4ffa8
07-23 22:53:29 com_github_MitjaNemec_ReplicateLayout.replicate_layout 985:Src text UUid:28d235bc-13dd-4be6-9464-eb3c7707a8cf
07-23 22:53:29 com_github_MitjaNemec_ReplicateLayout.replicate_layout 986:Dst text UUid:c115cd88-f85d-4800-9da0-d8ff3eeb581e
07-23 22:53:29 com_github_MitjaNemec_ReplicateLayout.replicate_layout 985:Src text UUid:b31dba03-d74e-483e-8dfe-eb17db580747
07-23 22:53:29 com_github_MitjaNemec_ReplicateLayout.replicate_layout 986:Dst text UUid:a767f75a-a2db-4cdf-a808-0e8b25c9f53a
07-23 22:53:29 com_github_MitjaNemec_ReplicateLayout.replicate_layout 985:Src text UUid:5c3f5df5-463c-4ea1-aec9-2adcebe69bb8
07-23 22:53:29 com_github_MitjaNemec_ReplicateLayout.replicate_layout 986:Dst text UUid:24c2100e-f841-4dfc-b7b9-150c90d9b2b9
07-23 22:53:29 com_github_MitjaNemec_ReplicateLayout.replicate_layout 985:Src text UUid:4cb89714-a706-4e53-b29a-e5650f37429d
07-23 22:53:29 com_github_MitjaNemec_ReplicateLayout.replicate_layout 986:Dst text UUid:f04348ae-bdf5-43bc-bb4b-6ab1f38511ad
07-23 22:53:29 com_github_MitjaNemec_ReplicateLayout.replicate_layout 985:Src text UUid:64e2e094-e867-4d33-ad3b-c4b54cab03e5
07-23 22:53:29 com_github_MitjaNemec_ReplicateLayout.replicate_layout 986:Dst text UUid:1581fdfe-a46b-46f8-9405-27e1bbe2032f
07-23 22:53:29 com_github_MitjaNemec_ReplicateLayout.replicate_layout 985:Src text UUid:9ab968f6-21d9-4046-9fc0-d32b783f85c9
07-23 22:53:29 com_github_MitjaNemec_ReplicateLayout.replicate_layout 986:Dst text UUid:995bd64b-382f-41c7-aee3-5dea41f9e313
07-23 22:53:29 com_github_MitjaNemec_ReplicateLayout.replicate_layout 985:Src text UUid:3e415425-5da3-4550-831d-664ee2bbb64b
07-23 22:53:29 com_github_MitjaNemec_ReplicateLayout.replicate_layout 986:Dst text UUid:fd4a3145-3ba7-4f81-9d8d-d60ef358994f
07-23 22:53:29 com_github_MitjaNemec_ReplicateLayout.replicate_layout 985:Src text UUid:f24fe2e1-a335-4a14-b5e0-da93313589a6
07-23 22:53:29 com_github_MitjaNemec_ReplicateLayout.replicate_layout 986:Dst text UUid:837df8b9-9f68-40fa-b2b2-f998193248a7
07-23 22:53:29 com_github_MitjaNemec_ReplicateLayout.replicate_layout 985:Src text UUid:44b79d77-ec59-4016-adb0-5fc769a5ee56
07-23 22:53:29 com_github_MitjaNemec_ReplicateLayout.replicate_layout 986:Dst text UUid:baee36e1-33ad-47a3-9219-cabddaed4660
07-23 22:53:29 com_github_MitjaNemec_ReplicateLayout.replicate_layout 985:Src text UUid:8d1eb38b-cdfc-4337-a76f-b7307c329bf0
07-23 22:53:29 com_github_MitjaNemec_ReplicateLayout.replicate_layout 986:Dst text UUid:3fd9bc1c-c882-477a-b9f3-f4e102299657
07-23 22:53:29 com_github_MitjaNemec_ReplicateLayout.replicate_layout 985:Src text UUid:02e7d589-eb4c-4b4b-85f5-b4ef1273d7a7
07-23 22:53:29 com_github_MitjaNemec_ReplicateLayout.replicate_layout 986:Dst text UUid:de715536-015b-42e3-8f47-0aaa0a1997b2
07-23 22:53:29 com_github_MitjaNemec_ReplicateLayout.replicate_layout 985:Src text UUid:46acd59f-2b41-4054-aa7c-acb44dac6025
07-23 22:53:29 com_github_MitjaNemec_ReplicateLayout.replicate_layout 986:Dst text UUid:d4a581e0-8cd1-4e73-a484-8ef35ed807df
07-23 22:53:29 com_github_MitjaNemec_ReplicateLayout.replicate_layout 985:Src text UUid:5055928a-4076-4ee6-af21-f42a29da3d01
07-23 22:53:29 com_github_MitjaNemec_ReplicateLayout.replicate_layout 986:Dst text UUid:2d1cff91-34d1-427e-8341-bfd4fe082945
07-23 22:53:29 com_github_MitjaNemec_ReplicateLayout.replicate_layout 985:Src text UUid:297cceca-dc4c-4bbc-9a4a-819d01cdaae1
07-23 22:53:29 com_github_MitjaNemec_ReplicateLayout.replicate_layout 986:Dst text UUid:e92911b7-db59-4424-be2b-f07b9ae51450
07-23 22:53:29 com_github_MitjaNemec_ReplicateLayout.replicate_layout 985:Src text UUid:d04c2207-8527-4395-8626-6909d4188072
07-23 22:53:29 com_github_MitjaNemec_ReplicateLayout.replicate_layout 986:Dst text UUid:fc736255-cad6-4fe2-8e82-1c892c3c8282
07-23 22:53:29 com_github_MitjaNemec_ReplicateLayout.replicate_layout 985:Src text UUid:87f41bd5-16b7-4708-a33a-4c01f13b67f4
07-23 22:53:29 com_github_MitjaNemec_ReplicateLayout.replicate_layout 986:Dst text UUid:8caad07c-3633-4086-8468-3ca61521ab34
07-23 22:53:29 com_github_MitjaNemec_ReplicateLayout.replicate_layout 985:Src text UUid:5587b90e-74ef-4803-ac0c-1ca4bb442b70
07-23 22:53:29 com_github_MitjaNemec_ReplicateLayout.replicate_layout 986:Dst text UUid:6f183ead-d295-43af-9553-69e870dc9eed
07-23 22:53:29 com_github_MitjaNemec_ReplicateLayout.replicate_layout 985:Src text UUid:2502e716-78ca-427b-8868-68b72aeb2244
07-23 22:53:29 com_github_MitjaNemec_ReplicateLayout.replicate_layout 986:Dst text UUid:48be2189-e041-46f6-80aa-d7515fc0f137
07-23 22:53:29 com_github_MitjaNemec_ReplicateLayout.replicate_layout 985:Src text UUid:f0f39e7b-9726-48e2-9144-6d8f505517d8
07-23 22:53:29 com_github_MitjaNemec_ReplicateLayout.replicate_layout 986:Dst text UUid:e850b838-ea30-42fd-97be-7d2fbc3053a2
07-23 22:53:29 com_github_MitjaNemec_ReplicateLayout.replicate_layout 985:Src text UUid:01e8430b-fe27-4234-b0dd-a4cbbc83a16b
07-23 22:53:29 com_github_MitjaNemec_ReplicateLayout.replicate_layout 986:Dst text UUid:8399bac7-b47c-43d0-87ed-5d56f9b73d9b
07-23 22:53:29 com_github_MitjaNemec_ReplicateLayout.replicate_layout 985:Src text UUid:f2d65097-73cf-4714-9004-c824c98c4ace
07-23 22:53:29 com_github_MitjaNemec_ReplicateLayout.replicate_layout 986:Dst text UUid:84731ed7-dfa2-4b2a-87c4-89b6ce315a14
07-23 22:53:29 com_github_MitjaNemec_ReplicateLayout.replicate_layout 985:Src text UUid:420acb90-676c-49b0-a99d-8040bca20f19
07-23 22:53:29 com_github_MitjaNemec_ReplicateLayout.replicate_layout 986:Dst text UUid:c917cf53-e4de-4b2b-a01d-7f90779e5b9b
07-23 22:53:29 com_github_MitjaNemec_ReplicateLayout.replicate_layout 985:Src text UUid:14321d6b-c58f-4e82-baf3-94cd682347cd
07-23 22:53:29 com_github_MitjaNemec_ReplicateLayout.replicate_layout 986:Dst text UUid:c09b1a37-0f50-48db-9d2c-e001fd87c780
07-23 22:53:29 com_github_MitjaNemec_ReplicateLayout.replicate_layout 985:Src text UUid:425c5d20-7d5e-4373-a63e-c24aa0c5492c
07-23 22:53:29 com_github_MitjaNemec_ReplicateLayout.replicate_layout 986:Dst text UUid:fd49fcff-9536-46d6-8cc5-b830e85bf05c
07-23 22:53:29 root 337:updating GUI with: 30
07-23 22:53:29 com_github_MitjaNemec_ReplicateLayout.replicate_layout 985:Src text UUid:144ea271-1071-4d8b-b906-3f119d321550
07-23 22:53:29 com_github_MitjaNemec_ReplicateLayout.replicate_layout 986:Dst text UUid:1cf2516a-b272-4e19-8dd5-340bf83e5750
07-23 22:53:29 com_github_MitjaNemec_ReplicateLayout.replicate_layout 985:Src text UUid:078d1253-5a3f-4f3b-9c65-e063cbd08b6e
07-23 22:53:29 com_github_MitjaNemec_ReplicateLayout.replicate_layout 986:Dst text UUid:0c6e8e14-d811-479d-be7f-51fdc149376d
07-23 22:53:29 com_github_MitjaNemec_ReplicateLayout.replicate_layout 985:Src text UUid:facebc8b-6ee4-4019-a633-aefb33bb01f7
07-23 22:53:29 com_github_MitjaNemec_ReplicateLayout.replicate_layout 986:Dst text UUid:52c90da9-a98b-4f46-bd05-78c1d3d04a2e
07-23 22:53:29 com_github_MitjaNemec_ReplicateLayout.replicate_layout 985:Src text UUid:2e89759c-f3da-475b-9632-737172fa9cb9
07-23 22:53:29 com_github_MitjaNemec_ReplicateLayout.replicate_layout 986:Dst text UUid:367417c3-f8d9-4897-80a6-57a1e102cea0
07-23 22:53:29 com_github_MitjaNemec_ReplicateLayout.replicate_layout 985:Src text UUid:ee9f6cf9-e4ed-4b49-b329-fe7f382748ee
07-23 22:53:29 com_github_MitjaNemec_ReplicateLayout.replicate_layout 986:Dst text UUid:829c732e-170d-4042-b85c-5b3a4e600d65
07-23 22:53:29 com_github_MitjaNemec_ReplicateLayout.replicate_layout 985:Src text UUid:f5f7fc1c-e9dd-478b-8979-243bd0f11905
07-23 22:53:29 com_github_MitjaNemec_ReplicateLayout.replicate_layout 986:Dst text UUid:f25b4932-fbd7-4aed-a052-5f738b90ad55
07-23 22:53:29 com_github_MitjaNemec_ReplicateLayout.replicate_layout 985:Src text UUid:314a2b1c-8e7c-4f84-827b-ce3c96c216d8
07-23 22:53:29 com_github_MitjaNemec_ReplicateLayout.replicate_layout 986:Dst text UUid:1aa48051-c01f-4324-bdf9-8aa46f980863
07-23 22:53:29 com_github_MitjaNemec_ReplicateLayout.replicate_layout 985:Src text UUid:66902f79-448d-4d26-8602-bdeef0d55ed1
07-23 22:53:29 com_github_MitjaNemec_ReplicateLayout.replicate_layout 986:Dst text UUid:8a441dad-7744-4d66-ae71-435d3b3920bd
07-23 22:53:29 com_github_MitjaNemec_ReplicateLayout.replicate_layout 985:Src text UUid:3548f1ed-381c-4e1b-b701-b1243186b248
07-23 22:53:29 com_github_MitjaNemec_ReplicateLayout.replicate_layout 986:Dst text UUid:6568fd25-58a3-4d48-94da-b159da870460
07-23 22:53:29 com_github_MitjaNemec_ReplicateLayout.replicate_layout 868:Replicating footprints on sheet ['CC_Buck2']
07-23 22:53:29 com_github_MitjaNemec_ReplicateLayout.replicate_layout 985:Src text UUid:c4d6949e-74e3-4b12-b1f2-737d6a597aab
07-23 22:53:29 com_github_MitjaNemec_ReplicateLayout.replicate_layout 986:Dst text UUid:99214ad7-2c89-4527-b4e7-beaa71b05612
07-23 22:53:29 com_github_MitjaNemec_ReplicateLayout.replicate_layout 985:Src text UUid:90073251-2e62-404a-8742-6cf8998b1052
07-23 22:53:29 com_github_MitjaNemec_ReplicateLayout.replicate_layout 986:Dst text UUid:e20c4dd1-29a8-4a56-b88b-b4c9121f116e
07-23 22:53:29 com_github_MitjaNemec_ReplicateLayout.replicate_layout 985:Src text UUid:60623f48-17b7-4509-934d-4260b9a74921
07-23 22:53:29 com_github_MitjaNemec_ReplicateLayout.replicate_layout 986:Dst text UUid:ef3decf2-f5ea-4169-89c2-1149467b3b0a
07-23 22:53:29 com_github_MitjaNemec_ReplicateLayout.replicate_layout 985:Src text UUid:fdaee82a-917d-4935-9eff-c78dd2f0c620
07-23 22:53:29 com_github_MitjaNemec_ReplicateLayout.replicate_layout 986:Dst text UUid:0d42f20b-e50d-48a4-909f-f75e5d53e62b
07-23 22:53:29 com_github_MitjaNemec_ReplicateLayout.replicate_layout 985:Src text UUid:8a3dad1e-8cc6-44c4-b464-457ebb9286ad
07-23 22:53:29 com_github_MitjaNemec_ReplicateLayout.replicate_layout 986:Dst text UUid:2413cb71-3fa8-4c7d-81cc-524d751525be
07-23 22:53:29 com_github_MitjaNemec_ReplicateLayout.replicate_layout 985:Src text UUid:05603edb-927d-41b1-8919-7bca402fbd68
07-23 22:53:29 com_github_MitjaNemec_ReplicateLayout.replicate_layout 986:Dst text UUid:adb0ef9e-78c5-4414-a49f-beb020645a43
07-23 22:53:29 com_github_MitjaNemec_ReplicateLayout.replicate_layout 985:Src text UUid:4f8e2c4a-131e-4f60-8dda-c2daabad5cc7
07-23 22:53:29 com_github_MitjaNemec_ReplicateLayout.replicate_layout 986:Dst text UUid:aaab69d2-0cf2-4c7f-a358-ea1d471118bb
07-23 22:53:29 com_github_MitjaNemec_ReplicateLayout.replicate_layout 985:Src text UUid:604820bb-f800-47fb-a253-08cc217ac098
07-23 22:53:29 com_github_MitjaNemec_ReplicateLayout.replicate_layout 986:Dst text UUid:005d6dbd-19e7-49b9-ac38-2f50783bd286
07-23 22:53:29 com_github_MitjaNemec_ReplicateLayout.replicate_layout 985:Src text UUid:d32ad901-3026-44f0-8b6e-76025fe29eea
07-23 22:53:29 com_github_MitjaNemec_ReplicateLayout.replicate_layout 986:Dst text UUid:8c758f46-3086-4ec7-a70b-a9a8e1003085
07-23 22:53:29 com_github_MitjaNemec_ReplicateLayout.replicate_layout 985:Src text UUid:78e15bee-13cd-4562-8256-5a4fd74ee82b
07-23 22:53:29 com_github_MitjaNemec_ReplicateLayout.replicate_layout 986:Dst text UUid:4c344e07-83af-41e1-884f-913dcb46d86a
07-23 22:53:29 com_github_MitjaNemec_ReplicateLayout.replicate_layout 985:Src text UUid:f5eca2c7-f903-4be8-b5eb-4f12bad30704
07-23 22:53:29 com_github_MitjaNemec_ReplicateLayout.replicate_layout 986:Dst text UUid:403a2404-fda5-4929-88cd-6f1f954e8396
07-23 22:53:29 com_github_MitjaNemec_ReplicateLayout.replicate_layout 985:Src text UUid:c6ed503e-3184-4934-b309-91e8fa8184c0
07-23 22:53:29 com_github_MitjaNemec_ReplicateLayout.replicate_layout 986:Dst text UUid:d479b4a9-b535-4d04-8d72-00a94e8d0cd1
07-23 22:53:29 com_github_MitjaNemec_ReplicateLayout.replicate_layout 985:Src text UUid:c617bcc1-db17-4137-a9f5-31f3f3ffb40c
07-23 22:53:29 com_github_MitjaNemec_ReplicateLayout.replicate_layout 986:Dst text UUid:6b34506f-a562-40f5-be6e-c385649c4b4d
07-23 22:53:29 com_github_MitjaNemec_ReplicateLayout.replicate_layout 985:Src text UUid:be3673ce-d028-4851-afaa-46d99c2fef4f
07-23 22:53:29 com_github_MitjaNemec_ReplicateLayout.replicate_layout 986:Dst text UUid:817c0f12-cf76-4892-9851-d5d828fce513
07-23 22:53:29 com_github_MitjaNemec_ReplicateLayout.replicate_layout 985:Src text UUid:c1bcb322-e4b9-4267-95ae-4d54615ccee1
07-23 22:53:29 com_github_MitjaNemec_ReplicateLayout.replicate_layout 986:Dst text UUid:a291e312-c958-4155-8594-3e33a41d82af
07-23 22:53:29 com_github_MitjaNemec_ReplicateLayout.replicate_layout 985:Src text UUid:27000cef-2c33-4b9f-97ef-d8a5b152c59b
07-23 22:53:29 com_github_MitjaNemec_ReplicateLayout.replicate_layout 986:Dst text UUid:000c5085-4104-4080-80ec-a759b490c190
07-23 22:53:29 com_github_MitjaNemec_ReplicateLayout.replicate_layout 985:Src text UUid:54c14952-423d-4001-89a5-55242dedb2e5
07-23 22:53:29 com_github_MitjaNemec_ReplicateLayout.replicate_layout 986:Dst text UUid:957c641a-d793-4920-aa18-7edf1e3f2067
07-23 22:53:29 com_github_MitjaNemec_ReplicateLayout.replicate_layout 985:Src text UUid:f5e8259f-45e8-4ff6-9fb8-7e7012623617
07-23 22:53:29 com_github_MitjaNemec_ReplicateLayout.replicate_layout 986:Dst text UUid:694afbdb-19d2-4f77-a988-6d27b7bf6041
07-23 22:53:29 com_github_MitjaNemec_ReplicateLayout.replicate_layout 985:Src text UUid:3ce278a5-852c-4eda-901f-7e7ba26829a9
07-23 22:53:29 com_github_MitjaNemec_ReplicateLayout.replicate_layout 986:Dst text UUid:d70488c6-433f-4cf2-9f77-6286597166d6
07-23 22:53:29 com_github_MitjaNemec_ReplicateLayout.replicate_layout 985:Src text UUid:71a1cef2-9834-476c-b523-2fd944eb359f
07-23 22:53:29 com_github_MitjaNemec_ReplicateLayout.replicate_layout 986:Dst text UUid:d451b687-355f-4801-af6d-ae0edc94a203
07-23 22:53:29 com_github_MitjaNemec_ReplicateLayout.replicate_layout 985:Src text UUid:3976e1f7-daa7-4849-b9b4-219ceb85af90
07-23 22:53:29 com_github_MitjaNemec_ReplicateLayout.replicate_layout 986:Dst text UUid:62f59db7-4335-4c3e-a02d-9a1bc485103e
07-23 22:53:29 com_github_MitjaNemec_ReplicateLayout.replicate_layout 985:Src text UUid:dda5b80c-6d7f-499a-a3b7-60fb44c24bfb
07-23 22:53:29 com_github_MitjaNemec_ReplicateLayout.replicate_layout 986:Dst text UUid:c326c5ed-837d-4b14-98d0-0e8c72cd46cb
07-23 22:53:29 com_github_MitjaNemec_ReplicateLayout.replicate_layout 985:Src text UUid:9fa0e4c7-048f-4960-b8bc-9215f0466ecb
07-23 22:53:29 com_github_MitjaNemec_ReplicateLayout.replicate_layout 986:Dst text UUid:ffa81fb3-1482-4f11-8607-ed7ec168f396
07-23 22:53:29 com_github_MitjaNemec_ReplicateLayout.replicate_layout 985:Src text UUid:cf65b72c-3775-4993-aff4-5bc85f3efdab
07-23 22:53:29 com_github_MitjaNemec_ReplicateLayout.replicate_layout 986:Dst text UUid:d68fd581-e554-4ee7-8a7e-0f4b8239a1b7
07-23 22:53:29 root 337:updating GUI with: 46
07-23 22:53:29 com_github_MitjaNemec_ReplicateLayout.replicate_layout 985:Src text UUid:7afc576b-b699-4529-8140-affc2f51ddf9
07-23 22:53:29 com_github_MitjaNemec_ReplicateLayout.replicate_layout 986:Dst text UUid:f8e85f04-81ee-48c4-a91e-f73eeb538881
07-23 22:53:29 com_github_MitjaNemec_ReplicateLayout.replicate_layout 985:Src text UUid:e8b8795b-4e2e-4307-83bd-63268ad171d1
07-23 22:53:29 com_github_MitjaNemec_ReplicateLayout.replicate_layout 986:Dst text UUid:358915c5-7ebb-4c8b-8ec6-3df7e141c5c7
07-23 22:53:29 com_github_MitjaNemec_ReplicateLayout.replicate_layout 985:Src text UUid:e9cdaa54-a5fb-4b1e-8ee9-c59db5dc4a7d
07-23 22:53:29 com_github_MitjaNemec_ReplicateLayout.replicate_layout 986:Dst text UUid:f73cfca3-1d44-4186-81ca-2e97fed72ec2
07-23 22:53:29 com_github_MitjaNemec_ReplicateLayout.replicate_layout 985:Src text UUid:1c6bd82b-23bd-437f-aee8-d0d6cd0be3fc
07-23 22:53:29 com_github_MitjaNemec_ReplicateLayout.replicate_layout 986:Dst text UUid:7a19da30-be0e-46b9-99d6-07fdac3fa744
07-23 22:53:29 com_github_MitjaNemec_ReplicateLayout.replicate_layout 985:Src text UUid:1a64c125-f880-485f-af9c-f9d2929d773e
07-23 22:53:29 com_github_MitjaNemec_ReplicateLayout.replicate_layout 986:Dst text UUid:552e1244-5451-4958-ab2a-1a6d7ec00a2f
07-23 22:53:29 com_github_MitjaNemec_ReplicateLayout.replicate_layout 985:Src text UUid:9dd4e97a-b857-4ee0-8da3-626022f78d3e
07-23 22:53:29 com_github_MitjaNemec_ReplicateLayout.replicate_layout 986:Dst text UUid:cfd3ba54-d4d6-4c4c-a391-83c67798a600
07-23 22:53:29 com_github_MitjaNemec_ReplicateLayout.replicate_layout 985:Src text UUid:ac637079-01fb-4cf7-8fe1-567f638616ea
07-23 22:53:29 com_github_MitjaNemec_ReplicateLayout.replicate_layout 986:Dst text UUid:e5f85ba9-de9f-43e1-b513-3edf450a4829
07-23 22:53:29 com_github_MitjaNemec_ReplicateLayout.replicate_layout 985:Src text UUid:1e9a2b4e-76da-45fe-9b2e-ad805a2afa5e
07-23 22:53:29 com_github_MitjaNemec_ReplicateLayout.replicate_layout 986:Dst text UUid:eab95c8d-3373-4b9c-8210-86c808d8a3d7
07-23 22:53:29 com_github_MitjaNemec_ReplicateLayout.replicate_layout 985:Src text UUid:a2a240ae-4356-4149-9cc2-d20bece43a27
07-23 22:53:29 com_github_MitjaNemec_ReplicateLayout.replicate_layout 986:Dst text UUid:003f2c35-0e1a-4ce2-bcb0-0e48410506f0
07-23 22:53:29 com_github_MitjaNemec_ReplicateLayout.replicate_layout 985:Src text UUid:cd4d2ab9-452b-448c-93f8-531db628df56
07-23 22:53:29 com_github_MitjaNemec_ReplicateLayout.replicate_layout 986:Dst text UUid:076d2ae5-c937-4f8a-a2cf-52a58f205eda
07-23 22:53:29 com_github_MitjaNemec_ReplicateLayout.replicate_layout 985:Src text UUid:8b404326-6ca6-4ba9-8660-43e113dd9470
07-23 22:53:29 com_github_MitjaNemec_ReplicateLayout.replicate_layout 986:Dst text UUid:e0b31094-b091-4769-9aaa-e5c685d867e3
07-23 22:53:29 com_github_MitjaNemec_ReplicateLayout.replicate_layout 985:Src text UUid:25ea2ada-7914-4c22-92e0-6666d59fab21
07-23 22:53:29 com_github_MitjaNemec_ReplicateLayout.replicate_layout 986:Dst text UUid:45b532c2-b8a8-434e-89f0-20d8b2a0dd0f
07-23 22:53:29 com_github_MitjaNemec_ReplicateLayout.replicate_layout 985:Src text UUid:22178c8b-e0ef-48c6-8b28-a6aaa47f7eb9
07-23 22:53:29 com_github_MitjaNemec_ReplicateLayout.replicate_layout 986:Dst text UUid:82954cb1-9e6b-460a-965e-192810b4ad7f
07-23 22:53:29 com_github_MitjaNemec_ReplicateLayout.replicate_layout 985:Src text UUid:28d235bc-13dd-4be6-9464-eb3c7707a8cf
07-23 22:53:29 com_github_MitjaNemec_ReplicateLayout.replicate_layout 986:Dst text UUid:f1c38241-dc81-4c92-ae18-0c3af8a74fda
07-23 22:53:29 com_github_MitjaNemec_ReplicateLayout.replicate_layout 985:Src text UUid:b31dba03-d74e-483e-8dfe-eb17db580747
07-23 22:53:29 com_github_MitjaNemec_ReplicateLayout.replicate_layout 986:Dst text UUid:14caaa04-935e-4018-aacd-ebf01133a669
07-23 22:53:29 com_github_MitjaNemec_ReplicateLayout.replicate_layout 985:Src text UUid:5c3f5df5-463c-4ea1-aec9-2adcebe69bb8
07-23 22:53:29 com_github_MitjaNemec_ReplicateLayout.replicate_layout 986:Dst text UUid:6b6a875b-f041-41c1-8635-4164d9dcf0be
07-23 22:53:29 com_github_MitjaNemec_ReplicateLayout.replicate_layout 985:Src text UUid:4cb89714-a706-4e53-b29a-e5650f37429d
07-23 22:53:29 com_github_MitjaNemec_ReplicateLayout.replicate_layout 986:Dst text UUid:236e0300-4a33-4680-8f1d-460588e8cdb2
07-23 22:53:29 com_github_MitjaNemec_ReplicateLayout.replicate_layout 985:Src text UUid:64e2e094-e867-4d33-ad3b-c4b54cab03e5
07-23 22:53:29 com_github_MitjaNemec_ReplicateLayout.replicate_layout 986:Dst text UUid:e4e52ac4-e504-4382-ab1f-cd034355642a
07-23 22:53:29 com_github_MitjaNemec_ReplicateLayout.replicate_layout 985:Src text UUid:9ab968f6-21d9-4046-9fc0-d32b783f85c9
07-23 22:53:29 com_github_MitjaNemec_ReplicateLayout.replicate_layout 986:Dst text UUid:91d43bd1-d6ae-4a53-b906-d51a9b592217
07-23 22:53:29 com_github_MitjaNemec_ReplicateLayout.replicate_layout 985:Src text UUid:3e415425-5da3-4550-831d-664ee2bbb64b
07-23 22:53:29 com_github_MitjaNemec_ReplicateLayout.replicate_layout 986:Dst text UUid:26b445d0-18ad-4f3b-9cd5-d92073b359e7
07-23 22:53:29 com_github_MitjaNemec_ReplicateLayout.replicate_layout 985:Src text UUid:f24fe2e1-a335-4a14-b5e0-da93313589a6
07-23 22:53:29 com_github_MitjaNemec_ReplicateLayout.replicate_layout 986:Dst text UUid:979ffb42-b715-433c-902c-35594aa694cb
07-23 22:53:29 com_github_MitjaNemec_ReplicateLayout.replicate_layout 985:Src text UUid:44b79d77-ec59-4016-adb0-5fc769a5ee56
07-23 22:53:29 com_github_MitjaNemec_ReplicateLayout.replicate_layout 986:Dst text UUid:f2f946d6-3446-4a57-80c8-3df6ae2952b5
07-23 22:53:29 com_github_MitjaNemec_ReplicateLayout.replicate_layout 985:Src text UUid:8d1eb38b-cdfc-4337-a76f-b7307c329bf0
07-23 22:53:29 com_github_MitjaNemec_ReplicateLayout.replicate_layout 986:Dst text UUid:c60d9a2d-9365-44ef-ada7-da0b508ab64f
07-23 22:53:29 com_github_MitjaNemec_ReplicateLayout.replicate_layout 985:Src text UUid:02e7d589-eb4c-4b4b-85f5-b4ef1273d7a7
07-23 22:53:29 com_github_MitjaNemec_ReplicateLayout.replicate_layout 986:Dst text UUid:a2f3a9f0-8692-45f0-b115-956f0924ba11
07-23 22:53:29 com_github_MitjaNemec_ReplicateLayout.replicate_layout 985:Src text UUid:46acd59f-2b41-4054-aa7c-acb44dac6025
07-23 22:53:29 com_github_MitjaNemec_ReplicateLayout.replicate_layout 986:Dst text UUid:ab6e6f6e-0e91-41a1-96cf-f2ea415f1090
07-23 22:53:29 com_github_MitjaNemec_ReplicateLayout.replicate_layout 985:Src text UUid:5055928a-4076-4ee6-af21-f42a29da3d01
07-23 22:53:29 com_github_MitjaNemec_ReplicateLayout.replicate_layout 986:Dst text UUid:ca6da7c6-ff5c-40b1-a5b6-fcacf4e3a3a8
07-23 22:53:29 com_github_MitjaNemec_ReplicateLayout.replicate_layout 985:Src text UUid:297cceca-dc4c-4bbc-9a4a-819d01cdaae1
07-23 22:53:29 com_github_MitjaNemec_ReplicateLayout.replicate_layout 986:Dst text UUid:fbb233ac-878e-4650-a19c-4182798adcaa
07-23 22:53:29 com_github_MitjaNemec_ReplicateLayout.replicate_layout 985:Src text UUid:d04c2207-8527-4395-8626-6909d4188072
07-23 22:53:29 com_github_MitjaNemec_ReplicateLayout.replicate_layout 986:Dst text UUid:f9fff3ae-f5af-4155-8ee5-d34ffacbba9b
07-23 22:53:29 com_github_MitjaNemec_ReplicateLayout.replicate_layout 985:Src text UUid:87f41bd5-16b7-4708-a33a-4c01f13b67f4
07-23 22:53:29 com_github_MitjaNemec_ReplicateLayout.replicate_layout 986:Dst text UUid:0c3a4549-ebf7-4d3e-8bd1-91c8c24410d8
07-23 22:53:29 com_github_MitjaNemec_ReplicateLayout.replicate_layout 985:Src text UUid:5587b90e-74ef-4803-ac0c-1ca4bb442b70
07-23 22:53:29 com_github_MitjaNemec_ReplicateLayout.replicate_layout 986:Dst text UUid:7b782517-6392-40d4-b710-572fad600b40
07-23 22:53:29 com_github_MitjaNemec_ReplicateLayout.replicate_layout 985:Src text UUid:2502e716-78ca-427b-8868-68b72aeb2244
07-23 22:53:29 com_github_MitjaNemec_ReplicateLayout.replicate_layout 986:Dst text UUid:f52d432b-2c74-41e5-a4d5-9e4fca45bb90
07-23 22:53:29 com_github_MitjaNemec_ReplicateLayout.replicate_layout 985:Src text UUid:f0f39e7b-9726-48e2-9144-6d8f505517d8
07-23 22:53:29 com_github_MitjaNemec_ReplicateLayout.replicate_layout 986:Dst text UUid:62bf5a7f-4c3c-418a-a47d-aafbc9b6f5f9
07-23 22:53:29 com_github_MitjaNemec_ReplicateLayout.replicate_layout 985:Src text UUid:01e8430b-fe27-4234-b0dd-a4cbbc83a16b
07-23 22:53:29 com_github_MitjaNemec_ReplicateLayout.replicate_layout 986:Dst text UUid:9d375954-2d8b-491c-833d-31896ea42615
07-23 22:53:29 com_github_MitjaNemec_ReplicateLayout.replicate_layout 985:Src text UUid:f2d65097-73cf-4714-9004-c824c98c4ace
07-23 22:53:29 com_github_MitjaNemec_ReplicateLayout.replicate_layout 986:Dst text UUid:c8bb5432-0cf7-4799-9ba3-17c998c80c5a
07-23 22:53:29 com_github_MitjaNemec_ReplicateLayout.replicate_layout 985:Src text UUid:420acb90-676c-49b0-a99d-8040bca20f19
07-23 22:53:29 com_github_MitjaNemec_ReplicateLayout.replicate_layout 986:Dst text UUid:bc65c68a-8223-4e94-a924-e749d5b95396
07-23 22:53:29 com_github_MitjaNemec_ReplicateLayout.replicate_layout 985:Src text UUid:14321d6b-c58f-4e82-baf3-94cd682347cd
07-23 22:53:29 com_github_MitjaNemec_ReplicateLayout.replicate_layout 986:Dst text UUid:0d74427b-c2e0-4937-918a-e9574e1ace18
07-23 22:53:29 com_github_MitjaNemec_ReplicateLayout.replicate_layout 985:Src text UUid:425c5d20-7d5e-4373-a63e-c24aa0c5492c
07-23 22:53:29 com_github_MitjaNemec_ReplicateLayout.replicate_layout 986:Dst text UUid:1ba5f3ff-77d0-4b28-a9c1-590f60295a2e
07-23 22:53:29 com_github_MitjaNemec_ReplicateLayout.replicate_layout 985:Src text UUid:144ea271-1071-4d8b-b906-3f119d321550
07-23 22:53:29 com_github_MitjaNemec_ReplicateLayout.replicate_layout 986:Dst text UUid:3b68b455-0370-4ac4-a9dc-31047786e8c7
07-23 22:53:29 com_github_MitjaNemec_ReplicateLayout.replicate_layout 985:Src text UUid:078d1253-5a3f-4f3b-9c65-e063cbd08b6e
07-23 22:53:29 com_github_MitjaNemec_ReplicateLayout.replicate_layout 986:Dst text UUid:e28f9cae-81e4-4d5a-8ecb-574c88d0f517
07-23 22:53:29 com_github_MitjaNemec_ReplicateLayout.replicate_layout 985:Src text UUid:facebc8b-6ee4-4019-a633-aefb33bb01f7
07-23 22:53:29 com_github_MitjaNemec_ReplicateLayout.replicate_layout 986:Dst text UUid:0fe57ea1-d748-4fd8-9127-3c281253c5dd
07-23 22:53:29 com_github_MitjaNemec_ReplicateLayout.replicate_layout 985:Src text UUid:2e89759c-f3da-475b-9632-737172fa9cb9
07-23 22:53:29 com_github_MitjaNemec_ReplicateLayout.replicate_layout 986:Dst text UUid:2fa07be0-9f5e-496c-a0f0-902cdbf0c3a8
07-23 22:53:29 com_github_MitjaNemec_ReplicateLayout.replicate_layout 985:Src text UUid:ee9f6cf9-e4ed-4b49-b329-fe7f382748ee
07-23 22:53:29 com_github_MitjaNemec_ReplicateLayout.replicate_layout 986:Dst text UUid:21566ce1-4f95-4004-a072-7d2004830fc4
07-23 22:53:29 com_github_MitjaNemec_ReplicateLayout.replicate_layout 985:Src text UUid:f5f7fc1c-e9dd-478b-8979-243bd0f11905
07-23 22:53:29 com_github_MitjaNemec_ReplicateLayout.replicate_layout 986:Dst text UUid:6e393366-7038-4827-ab84-dab3976716c8
07-23 22:53:29 com_github_MitjaNemec_ReplicateLayout.replicate_layout 985:Src text UUid:314a2b1c-8e7c-4f84-827b-ce3c96c216d8
07-23 22:53:29 com_github_MitjaNemec_ReplicateLayout.replicate_layout 986:Dst text UUid:e16520fd-6144-4197-bc91-3682d34d613c
07-23 22:53:29 com_github_MitjaNemec_ReplicateLayout.replicate_layout 985:Src text UUid:66902f79-448d-4d26-8602-bdeef0d55ed1
07-23 22:53:29 com_github_MitjaNemec_ReplicateLayout.replicate_layout 986:Dst text UUid:8baf51eb-66ee-4508-ae44-e73e0fadd677
07-23 22:53:29 com_github_MitjaNemec_ReplicateLayout.replicate_layout 985:Src text UUid:3548f1ed-381c-4e1b-b701-b1243186b248
07-23 22:53:29 com_github_MitjaNemec_ReplicateLayout.replicate_layout 986:Dst text UUid:b88810c7-a9ca-403b-9071-aa66b23d01c9
07-23 22:53:29 com_github_MitjaNemec_ReplicateLayout.replicate_layout 868:Replicating footprints on sheet ['CC_Buck3']
07-23 22:53:29 com_github_MitjaNemec_ReplicateLayout.replicate_layout 985:Src text UUid:c4d6949e-74e3-4b12-b1f2-737d6a597aab
07-23 22:53:29 com_github_MitjaNemec_ReplicateLayout.replicate_layout 986:Dst text UUid:405b0068-d00a-4f85-b8e6-03961ada44d3
07-23 22:53:29 com_github_MitjaNemec_ReplicateLayout.replicate_layout 985:Src text UUid:90073251-2e62-404a-8742-6cf8998b1052
07-23 22:53:29 com_github_MitjaNemec_ReplicateLayout.replicate_layout 986:Dst text UUid:adaf3343-fabc-4cd7-a217-35677bf32d39
07-23 22:53:29 com_github_MitjaNemec_ReplicateLayout.replicate_layout 985:Src text UUid:60623f48-17b7-4509-934d-4260b9a74921
07-23 22:53:29 com_github_MitjaNemec_ReplicateLayout.replicate_layout 986:Dst text UUid:75a9545b-38dc-4ed2-b10a-1dd04080c918
07-23 22:53:29 com_github_MitjaNemec_ReplicateLayout.replicate_layout 985:Src text UUid:fdaee82a-917d-4935-9eff-c78dd2f0c620
07-23 22:53:29 com_github_MitjaNemec_ReplicateLayout.replicate_layout 986:Dst text UUid:4f29c85e-8289-4664-a9e6-7ff92aa88ab7
07-23 22:53:29 com_github_MitjaNemec_ReplicateLayout.replicate_layout 985:Src text UUid:8a3dad1e-8cc6-44c4-b464-457ebb9286ad
07-23 22:53:29 com_github_MitjaNemec_ReplicateLayout.replicate_layout 986:Dst text UUid:071062c7-f2e9-4df2-ac71-a74a6bc0a19d
07-23 22:53:29 com_github_MitjaNemec_ReplicateLayout.replicate_layout 985:Src text UUid:05603edb-927d-41b1-8919-7bca402fbd68
07-23 22:53:29 com_github_MitjaNemec_ReplicateLayout.replicate_layout 986:Dst text UUid:37d8cbcc-5f98-4a64-8ab0-b71f150279b4
07-23 22:53:29 com_github_MitjaNemec_ReplicateLayout.replicate_layout 985:Src text UUid:4f8e2c4a-131e-4f60-8dda-c2daabad5cc7
07-23 22:53:29 com_github_MitjaNemec_ReplicateLayout.replicate_layout 986:Dst text UUid:21a94f05-9621-4289-ae9d-7e8ee9dd96d0
07-23 22:53:29 com_github_MitjaNemec_ReplicateLayout.replicate_layout 985:Src text UUid:604820bb-f800-47fb-a253-08cc217ac098
07-23 22:53:29 com_github_MitjaNemec_ReplicateLayout.replicate_layout 986:Dst text UUid:9c9d5ea0-2864-4da1-90ff-7399832fa8bf
07-23 22:53:29 com_github_MitjaNemec_ReplicateLayout.replicate_layout 985:Src text UUid:d32ad901-3026-44f0-8b6e-76025fe29eea
07-23 22:53:29 com_github_MitjaNemec_ReplicateLayout.replicate_layout 986:Dst text UUid:b3beb85c-aa66-4174-bacc-27085bfb9b91
07-23 22:53:29 com_github_MitjaNemec_ReplicateLayout.replicate_layout 985:Src text UUid:78e15bee-13cd-4562-8256-5a4fd74ee82b
07-23 22:53:29 com_github_MitjaNemec_ReplicateLayout.replicate_layout 986:Dst text UUid:52c099f1-5d53-45d5-a593-37f8e4d2b7f0
07-23 22:53:29 com_github_MitjaNemec_ReplicateLayout.replicate_layout 985:Src text UUid:f5eca2c7-f903-4be8-b5eb-4f12bad30704
07-23 22:53:29 com_github_MitjaNemec_ReplicateLayout.replicate_layout 986:Dst text UUid:66d950e1-a5d4-4203-9e07-fcbcd1a9401f
07-23 22:53:29 com_github_MitjaNemec_ReplicateLayout.replicate_layout 985:Src text UUid:c6ed503e-3184-4934-b309-91e8fa8184c0
07-23 22:53:29 com_github_MitjaNemec_ReplicateLayout.replicate_layout 986:Dst text UUid:694ca40f-6505-4fe7-854f-0773db0c2840
07-23 22:53:29 com_github_MitjaNemec_ReplicateLayout.replicate_layout 985:Src text UUid:c617bcc1-db17-4137-a9f5-31f3f3ffb40c
07-23 22:53:29 com_github_MitjaNemec_ReplicateLayout.replicate_layout 986:Dst text UUid:a651943a-0c90-415e-852c-328945a76149
07-23 22:53:29 com_github_MitjaNemec_ReplicateLayout.replicate_layout 985:Src text UUid:be3673ce-d028-4851-afaa-46d99c2fef4f
07-23 22:53:29 com_github_MitjaNemec_ReplicateLayout.replicate_layout 986:Dst text UUid:885a3cda-552e-4bc5-96a8-d8ef84f7bae0
07-23 22:53:29 com_github_MitjaNemec_ReplicateLayout.replicate_layout 985:Src text UUid:c1bcb322-e4b9-4267-95ae-4d54615ccee1
07-23 22:53:29 com_github_MitjaNemec_ReplicateLayout.replicate_layout 986:Dst text UUid:ab99bd15-4215-4e1b-aafa-52516bd60378
07-23 22:53:29 com_github_MitjaNemec_ReplicateLayout.replicate_layout 985:Src text UUid:27000cef-2c33-4b9f-97ef-d8a5b152c59b
07-23 22:53:29 com_github_MitjaNemec_ReplicateLayout.replicate_layout 986:Dst text UUid:0b5939ff-a23d-484d-b26c-48c848993add
07-23 22:53:29 com_github_MitjaNemec_ReplicateLayout.replicate_layout 985:Src text UUid:54c14952-423d-4001-89a5-55242dedb2e5
07-23 22:53:29 com_github_MitjaNemec_ReplicateLayout.replicate_layout 986:Dst text UUid:5f8eb0a4-53af-479e-9ceb-5ec8b3a1e43c
07-23 22:53:29 com_github_MitjaNemec_ReplicateLayout.replicate_layout 985:Src text UUid:f5e8259f-45e8-4ff6-9fb8-7e7012623617
07-23 22:53:29 com_github_MitjaNemec_ReplicateLayout.replicate_layout 986:Dst text UUid:fb7a097e-8d0f-4c45-bcd4-c9b897554e84
07-23 22:53:29 com_github_MitjaNemec_ReplicateLayout.replicate_layout 985:Src text UUid:3ce278a5-852c-4eda-901f-7e7ba26829a9
07-23 22:53:29 com_github_MitjaNemec_ReplicateLayout.replicate_layout 986:Dst text UUid:607744f9-6f25-4fb5-a6d0-cb59198c276f
07-23 22:53:29 com_github_MitjaNemec_ReplicateLayout.replicate_layout 985:Src text UUid:71a1cef2-9834-476c-b523-2fd944eb359f
07-23 22:53:29 com_github_MitjaNemec_ReplicateLayout.replicate_layout 986:Dst text UUid:77b4b3d5-0a7b-498e-9af4-7251d4d6322e
07-23 22:53:29 com_github_MitjaNemec_ReplicateLayout.replicate_layout 985:Src text UUid:3976e1f7-daa7-4849-b9b4-219ceb85af90
07-23 22:53:29 com_github_MitjaNemec_ReplicateLayout.replicate_layout 986:Dst text UUid:4573600c-7405-4624-b48c-e8f39582cde0
07-23 22:53:29 com_github_MitjaNemec_ReplicateLayout.replicate_layout 985:Src text UUid:dda5b80c-6d7f-499a-a3b7-60fb44c24bfb
07-23 22:53:29 com_github_MitjaNemec_ReplicateLayout.replicate_layout 986:Dst text UUid:54aa8762-50b8-4198-82cc-22d92e6e5a74
07-23 22:53:29 com_github_MitjaNemec_ReplicateLayout.replicate_layout 985:Src text UUid:9fa0e4c7-048f-4960-b8bc-9215f0466ecb
07-23 22:53:29 com_github_MitjaNemec_ReplicateLayout.replicate_layout 986:Dst text UUid:66f2b159-0c5a-4343-b108-f0b9b42932f2
07-23 22:53:29 com_github_MitjaNemec_ReplicateLayout.replicate_layout 985:Src text UUid:cf65b72c-3775-4993-aff4-5bc85f3efdab
07-23 22:53:29 com_github_MitjaNemec_ReplicateLayout.replicate_layout 986:Dst text UUid:a7d5db4f-b1a5-42ce-8955-f163e05bb919
07-23 22:53:29 com_github_MitjaNemec_ReplicateLayout.replicate_layout 985:Src text UUid:7afc576b-b699-4529-8140-affc2f51ddf9
07-23 22:53:29 com_github_MitjaNemec_ReplicateLayout.replicate_layout 986:Dst text UUid:c01f923f-913d-454d-a07b-d2a9b6823371
07-23 22:53:29 com_github_MitjaNemec_ReplicateLayout.replicate_layout 985:Src text UUid:e8b8795b-4e2e-4307-83bd-63268ad171d1
07-23 22:53:29 com_github_MitjaNemec_ReplicateLayout.replicate_layout 986:Dst text UUid:21583ba4-8bfb-4519-9ecc-46016e41f682
07-23 22:53:29 com_github_MitjaNemec_ReplicateLayout.replicate_layout 985:Src text UUid:e9cdaa54-a5fb-4b1e-8ee9-c59db5dc4a7d
07-23 22:53:29 com_github_MitjaNemec_ReplicateLayout.replicate_layout 986:Dst text UUid:619bbe2e-cf99-44da-b72f-59806a699781
07-23 22:53:29 com_github_MitjaNemec_ReplicateLayout.replicate_layout 985:Src text UUid:1c6bd82b-23bd-437f-aee8-d0d6cd0be3fc
07-23 22:53:29 com_github_MitjaNemec_ReplicateLayout.replicate_layout 986:Dst text UUid:209ec4d0-99bf-4d31-85f9-aeb78f06f8ec
07-23 22:53:29 com_github_MitjaNemec_ReplicateLayout.replicate_layout 985:Src text UUid:1a64c125-f880-485f-af9c-f9d2929d773e
07-23 22:53:29 com_github_MitjaNemec_ReplicateLayout.replicate_layout 986:Dst text UUid:3f4c9b4a-52b9-45ec-93c2-df52d6c1beed
07-23 22:53:29 com_github_MitjaNemec_ReplicateLayout.replicate_layout 985:Src text UUid:9dd4e97a-b857-4ee0-8da3-626022f78d3e
07-23 22:53:29 com_github_MitjaNemec_ReplicateLayout.replicate_layout 986:Dst text UUid:2693fc7d-06b0-43bd-a082-a8102fa70591
07-23 22:53:29 com_github_MitjaNemec_ReplicateLayout.replicate_layout 985:Src text UUid:ac637079-01fb-4cf7-8fe1-567f638616ea
07-23 22:53:29 com_github_MitjaNemec_ReplicateLayout.replicate_layout 986:Dst text UUid:8a8680ef-efb0-421f-a5f8-db3f8b74fcb7
07-23 22:53:29 com_github_MitjaNemec_ReplicateLayout.replicate_layout 985:Src text UUid:1e9a2b4e-76da-45fe-9b2e-ad805a2afa5e
07-23 22:53:29 com_github_MitjaNemec_ReplicateLayout.replicate_layout 986:Dst text UUid:58184fb0-26c0-43da-9fd4-64ec59879ace
07-23 22:53:29 com_github_MitjaNemec_ReplicateLayout.replicate_layout 985:Src text UUid:a2a240ae-4356-4149-9cc2-d20bece43a27
07-23 22:53:29 com_github_MitjaNemec_ReplicateLayout.replicate_layout 986:Dst text UUid:a236d8e6-94c1-49f7-8384-5ab958f52623
07-23 22:53:29 com_github_MitjaNemec_ReplicateLayout.replicate_layout 985:Src text UUid:cd4d2ab9-452b-448c-93f8-531db628df56
07-23 22:53:29 com_github_MitjaNemec_ReplicateLayout.replicate_layout 986:Dst text UUid:8af33266-9262-4b6d-a194-3d6d712f0b04
07-23 22:53:29 com_github_MitjaNemec_ReplicateLayout.replicate_layout 985:Src text UUid:8b404326-6ca6-4ba9-8660-43e113dd9470
07-23 22:53:29 com_github_MitjaNemec_ReplicateLayout.replicate_layout 986:Dst text UUid:f6369567-ec1d-4433-9bf5-f6f86ad43c26
07-23 22:53:29 com_github_MitjaNemec_ReplicateLayout.replicate_layout 985:Src text UUid:25ea2ada-7914-4c22-92e0-6666d59fab21
07-23 22:53:29 com_github_MitjaNemec_ReplicateLayout.replicate_layout 986:Dst text UUid:12844128-5f5d-4997-9d57-f029db8897d1
07-23 22:53:29 root 337:updating GUI with: 86
07-23 22:53:29 com_github_MitjaNemec_ReplicateLayout.replicate_layout 985:Src text UUid:22178c8b-e0ef-48c6-8b28-a6aaa47f7eb9
07-23 22:53:29 com_github_MitjaNemec_ReplicateLayout.replicate_layout 986:Dst text UUid:27c2c1d4-398b-4e06-b3f8-36faeb95ecf7
07-23 22:53:29 com_github_MitjaNemec_ReplicateLayout.replicate_layout 985:Src text UUid:28d235bc-13dd-4be6-9464-eb3c7707a8cf
07-23 22:53:29 com_github_MitjaNemec_ReplicateLayout.replicate_layout 986:Dst text UUid:91b266f3-9718-439d-a29f-532de86afdd9
07-23 22:53:29 com_github_MitjaNemec_ReplicateLayout.replicate_layout 985:Src text UUid:b31dba03-d74e-483e-8dfe-eb17db580747
07-23 22:53:29 com_github_MitjaNemec_ReplicateLayout.replicate_layout 986:Dst text UUid:a90b4c45-aa71-4de8-a036-e17120688108
07-23 22:53:29 com_github_MitjaNemec_ReplicateLayout.replicate_layout 985:Src text UUid:5c3f5df5-463c-4ea1-aec9-2adcebe69bb8
07-23 22:53:29 com_github_MitjaNemec_ReplicateLayout.replicate_layout 986:Dst text UUid:766db10d-200c-457f-ad56-a18fa8b20c93
07-23 22:53:29 com_github_MitjaNemec_ReplicateLayout.replicate_layout 985:Src text UUid:4cb89714-a706-4e53-b29a-e5650f37429d
07-23 22:53:29 com_github_MitjaNemec_ReplicateLayout.replicate_layout 986:Dst text UUid:89e6ade9-a8fd-4592-b806-61dedecc30d1
07-23 22:53:29 com_github_MitjaNemec_ReplicateLayout.replicate_layout 985:Src text UUid:64e2e094-e867-4d33-ad3b-c4b54cab03e5
07-23 22:53:29 com_github_MitjaNemec_ReplicateLayout.replicate_layout 986:Dst text UUid:79697747-8bc0-4fd8-9332-d3510c40782c
07-23 22:53:29 com_github_MitjaNemec_ReplicateLayout.replicate_layout 985:Src text UUid:9ab968f6-21d9-4046-9fc0-d32b783f85c9
07-23 22:53:29 com_github_MitjaNemec_ReplicateLayout.replicate_layout 986:Dst text UUid:e80bcba9-00a7-48ed-811e-047b35ff611a
07-23 22:53:29 com_github_MitjaNemec_ReplicateLayout.replicate_layout 985:Src text UUid:3e415425-5da3-4550-831d-664ee2bbb64b
07-23 22:53:29 com_github_MitjaNemec_ReplicateLayout.replicate_layout 986:Dst text UUid:3eb2fadf-5962-4eb1-871d-af91f459a5d6
07-23 22:53:29 com_github_MitjaNemec_ReplicateLayout.replicate_layout 985:Src text UUid:f24fe2e1-a335-4a14-b5e0-da93313589a6
07-23 22:53:29 com_github_MitjaNemec_ReplicateLayout.replicate_layout 986:Dst text UUid:7c456df8-949d-4cd9-8984-f7f4bae96dc9
07-23 22:53:29 com_github_MitjaNemec_ReplicateLayout.replicate_layout 985:Src text UUid:44b79d77-ec59-4016-adb0-5fc769a5ee56
07-23 22:53:29 com_github_MitjaNemec_ReplicateLayout.replicate_layout 986:Dst text UUid:032833a3-2531-4a6b-9756-33bf1be5a189
07-23 22:53:29 com_github_MitjaNemec_ReplicateLayout.replicate_layout 985:Src text UUid:8d1eb38b-cdfc-4337-a76f-b7307c329bf0
07-23 22:53:29 com_github_MitjaNemec_ReplicateLayout.replicate_layout 986:Dst text UUid:37b4f3da-2888-4633-9c91-d39b5383bd16
07-23 22:53:29 com_github_MitjaNemec_ReplicateLayout.replicate_layout 985:Src text UUid:02e7d589-eb4c-4b4b-85f5-b4ef1273d7a7
07-23 22:53:29 com_github_MitjaNemec_ReplicateLayout.replicate_layout 986:Dst text UUid:82585e0d-6254-4a45-8346-39c277cd121b
07-23 22:53:29 com_github_MitjaNemec_ReplicateLayout.replicate_layout 985:Src text UUid:46acd59f-2b41-4054-aa7c-acb44dac6025
07-23 22:53:29 com_github_MitjaNemec_ReplicateLayout.replicate_layout 986:Dst text UUid:38cfe1be-7207-4fe1-ac03-0229df793fba
07-23 22:53:29 com_github_MitjaNemec_ReplicateLayout.replicate_layout 985:Src text UUid:5055928a-4076-4ee6-af21-f42a29da3d01
07-23 22:53:29 com_github_MitjaNemec_ReplicateLayout.replicate_layout 986:Dst text UUid:35cb79d2-c7e4-4f5c-9253-68065080d563
07-23 22:53:29 com_github_MitjaNemec_ReplicateLayout.replicate_layout 985:Src text UUid:297cceca-dc4c-4bbc-9a4a-819d01cdaae1
07-23 22:53:29 com_github_MitjaNemec_ReplicateLayout.replicate_layout 986:Dst text UUid:11d3e5c0-b77a-4d11-813e-c1fc9ede813c
07-23 22:53:29 com_github_MitjaNemec_ReplicateLayout.replicate_layout 985:Src text UUid:d04c2207-8527-4395-8626-6909d4188072
07-23 22:53:29 com_github_MitjaNemec_ReplicateLayout.replicate_layout 986:Dst text UUid:c4d07e53-3510-46fc-a1eb-166e73ee60f7
07-23 22:53:29 com_github_MitjaNemec_ReplicateLayout.replicate_layout 985:Src text UUid:87f41bd5-16b7-4708-a33a-4c01f13b67f4
07-23 22:53:29 com_github_MitjaNemec_ReplicateLayout.replicate_layout 986:Dst text UUid:b5d7e41b-b262-41e8-86ab-3cfa859f3c05
07-23 22:53:29 com_github_MitjaNemec_ReplicateLayout.replicate_layout 985:Src text UUid:5587b90e-74ef-4803-ac0c-1ca4bb442b70
07-23 22:53:29 com_github_MitjaNemec_ReplicateLayout.replicate_layout 986:Dst text UUid:6874a530-4326-4a64-8c6d-334b41abdced
07-23 22:53:29 com_github_MitjaNemec_ReplicateLayout.replicate_layout 985:Src text UUid:2502e716-78ca-427b-8868-68b72aeb2244
07-23 22:53:29 com_github_MitjaNemec_ReplicateLayout.replicate_layout 986:Dst text UUid:0c5db0d7-9681-4a3e-a522-a93da6c002d1
07-23 22:53:29 com_github_MitjaNemec_ReplicateLayout.replicate_layout 985:Src text UUid:f0f39e7b-9726-48e2-9144-6d8f505517d8
07-23 22:53:29 com_github_MitjaNemec_ReplicateLayout.replicate_layout 986:Dst text UUid:8e44aa81-15c2-489d-b6ff-5821ea6211d3
07-23 22:53:29 com_github_MitjaNemec_ReplicateLayout.replicate_layout 985:Src text UUid:01e8430b-fe27-4234-b0dd-a4cbbc83a16b
07-23 22:53:29 com_github_MitjaNemec_ReplicateLayout.replicate_layout 986:Dst text UUid:4c5c8fbf-ecf6-46f3-b803-eb6aecb48288
07-23 22:53:29 com_github_MitjaNemec_ReplicateLayout.replicate_layout 985:Src text UUid:f2d65097-73cf-4714-9004-c824c98c4ace
07-23 22:53:29 com_github_MitjaNemec_ReplicateLayout.replicate_layout 986:Dst text UUid:e9c0cb24-e2d2-47f5-995c-f24c4cd31fbe
07-23 22:53:29 com_github_MitjaNemec_ReplicateLayout.replicate_layout 985:Src text UUid:420acb90-676c-49b0-a99d-8040bca20f19
07-23 22:53:29 com_github_MitjaNemec_ReplicateLayout.replicate_layout 986:Dst text UUid:6e4a75d1-4d20-4bb0-b447-41e50d277ebf
07-23 22:53:29 com_github_MitjaNemec_ReplicateLayout.replicate_layout 985:Src text UUid:14321d6b-c58f-4e82-baf3-94cd682347cd
07-23 22:53:29 com_github_MitjaNemec_ReplicateLayout.replicate_layout 986:Dst text UUid:497e1ddb-5220-4d09-a98c-c3a401bb1983
07-23 22:53:29 com_github_MitjaNemec_ReplicateLayout.replicate_layout 985:Src text UUid:425c5d20-7d5e-4373-a63e-c24aa0c5492c
07-23 22:53:29 com_github_MitjaNemec_ReplicateLayout.replicate_layout 986:Dst text UUid:89909f84-46ee-4410-ae0d-4bd137d1d8a7
07-23 22:53:29 com_github_MitjaNemec_ReplicateLayout.replicate_layout 985:Src text UUid:144ea271-1071-4d8b-b906-3f119d321550
07-23 22:53:29 com_github_MitjaNemec_ReplicateLayout.replicate_layout 986:Dst text UUid:00757eba-5bf7-443c-ae5e-af4b6f15dc4c
07-23 22:53:29 com_github_MitjaNemec_ReplicateLayout.replicate_layout 985:Src text UUid:078d1253-5a3f-4f3b-9c65-e063cbd08b6e
07-23 22:53:29 com_github_MitjaNemec_ReplicateLayout.replicate_layout 986:Dst text UUid:e89dbe95-4c18-4062-8687-2c13bd9cabd9
07-23 22:53:29 com_github_MitjaNemec_ReplicateLayout.replicate_layout 985:Src text UUid:facebc8b-6ee4-4019-a633-aefb33bb01f7
07-23 22:53:29 com_github_MitjaNemec_ReplicateLayout.replicate_layout 986:Dst text UUid:98c58f48-c71e-46f1-9021-d30111f34222
07-23 22:53:29 com_github_MitjaNemec_ReplicateLayout.replicate_layout 985:Src text UUid:2e89759c-f3da-475b-9632-737172fa9cb9
07-23 22:53:29 com_github_MitjaNemec_ReplicateLayout.replicate_layout 986:Dst text UUid:92ba6abc-2bfb-4c9a-9c33-77fc878c33d7
07-23 22:53:29 com_github_MitjaNemec_ReplicateLayout.replicate_layout 985:Src text UUid:ee9f6cf9-e4ed-4b49-b329-fe7f382748ee
07-23 22:53:29 com_github_MitjaNemec_ReplicateLayout.replicate_layout 986:Dst text UUid:191e26c3-a605-4af1-a473-2b158482d8a3
07-23 22:53:29 com_github_MitjaNemec_ReplicateLayout.replicate_layout 985:Src text UUid:f5f7fc1c-e9dd-478b-8979-243bd0f11905
07-23 22:53:29 com_github_MitjaNemec_ReplicateLayout.replicate_layout 986:Dst text UUid:0053de64-be07-4398-a534-2847f4af310d
07-23 22:53:29 com_github_MitjaNemec_ReplicateLayout.replicate_layout 985:Src text UUid:314a2b1c-8e7c-4f84-827b-ce3c96c216d8
07-23 22:53:29 com_github_MitjaNemec_ReplicateLayout.replicate_layout 986:Dst text UUid:545d4041-4ac3-4a46-ba97-c8cae283bd1d
07-23 22:53:29 com_github_MitjaNemec_ReplicateLayout.replicate_layout 985:Src text UUid:66902f79-448d-4d26-8602-bdeef0d55ed1
07-23 22:53:29 com_github_MitjaNemec_ReplicateLayout.replicate_layout 986:Dst text UUid:45aad84b-0b68-4f13-8c1d-239014a96298
07-23 22:53:29 com_github_MitjaNemec_ReplicateLayout.replicate_layout 985:Src text UUid:3548f1ed-381c-4e1b-b701-b1243186b248
07-23 22:53:29 com_github_MitjaNemec_ReplicateLayout.replicate_layout 986:Dst text UUid:e38d0d47-2544-4ec3-a6e1-d72a7ffd026b
07-23 22:53:29 root 332:updating GUI message: 'Replicating tracks'
07-23 22:53:29 com_github_MitjaNemec_ReplicateLayout.replicate_layout 1009:Replicating tracks
07-23 22:53:29 com_github_MitjaNemec_ReplicateLayout.replicate_layout 1015:Replicating tracks on sheet ['CC_Buck1']
07-23 22:53:29 com_github_MitjaNemec_ReplicateLayout.replicate_layout 792:Net pairs for sheet ['CC_Buck1'] :[('+5V', '+5V'), ('/CC_Buck0/FB', '/CC_Buck1/FB'), ('VCC', 'VCC'), ('/CC_Buck0/LEDOut', '/CC_Buck1/LEDOut'), ('/CC_Buck0/DAC_IN', '/CC_Buck1/DAC_IN'), ('Net-(U4-SW)', 'Net-(U7-SW)'), ('/CC_Buck0/V_sense', '/CC_Buck1/V_sense'), ('/CC_Buck0/SS{slash}PG1', '/CC_Buck1/SS{slash}PG1'), ('Net-(U6-+)', 'Net-(U9-+)'), ('GND', 'GND'), ('Net-(U4-RT)', 'Net-(U7-RT)'), ('Net-(U4-BST)', 'Net-(U7-BST)'), ('/CC_Buck0/50*V_sense1', '/CC_Buck1/50*V_sense1'), ('/Enable0', '/Enable1'), ('Net-(U6--)', 'Net-(U9--)'), ('/CC_Buck0/Sum', '/CC_Buck1/Sum')]
07-23 22:53:29 root 337:updating GUI with: 0
07-23 22:53:29 com_github_MitjaNemec_ReplicateLayout.replicate_layout 1015:Replicating tracks on sheet ['CC_Buck2']
07-23 22:53:29 com_github_MitjaNemec_ReplicateLayout.replicate_layout 792:Net pairs for sheet ['CC_Buck2'] :[('+5V', '+5V'), ('/CC_Buck0/DAC_IN', '/CC_Buck2/DAC_IN'), ('VCC', 'VCC'), ('/CC_Buck0/50*V_sense1', '/CC_Buck2/50*V_sense1'), ('/Enable0', '/Enable2'), ('Net-(U4-BST)', 'Net-(U10-BST)'), ('Net-(U6-+)', 'Net-(U12-+)'), ('GND', 'GND'), ('Net-(U4-SW)', 'Net-(U10-SW)'), ('Net-(U4-RT)', 'Net-(U10-RT)'), ('/CC_Buck0/V_sense', '/CC_Buck2/V_sense'), ('Net-(U6--)', 'Net-(U12--)'), ('/CC_Buck0/SS{slash}PG1', '/CC_Buck2/SS{slash}PG1'), ('/CC_Buck0/FB', '/CC_Buck2/FB'), ('/CC_Buck0/LEDOut', '/CC_Buck2/LEDOut'), ('/CC_Buck0/Sum', '/CC_Buck2/Sum')]
07-23 22:53:29 com_github_MitjaNemec_ReplicateLayout.replicate_layout 1015:Replicating tracks on sheet ['CC_Buck3']
07-23 22:53:29 com_github_MitjaNemec_ReplicateLayout.replicate_layout 792:Net pairs for sheet ['CC_Buck3'] :[('+5V', '+5V'), ('VCC', 'VCC'), ('Net-(U4-SW)', 'Net-(U13-SW)'), ('/CC_Buck0/FB', '/CC_Buck3/FB'), ('/CC_Buck0/50*V_sense1', '/CC_Buck3/50*V_sense1'), ('Net-(U6--)', 'Net-(U15--)'), ('/Enable0', '/Enable2'), ('/CC_Buck0/SS{slash}PG1', '/CC_Buck3/SS{slash}PG1'), ('/CC_Buck0/Sum', '/CC_Buck3/Sum'), ('GND', 'GND'), ('/CC_Buck0/LEDOut', '/CC_Buck3/LEDOut'), ('Net-(U4-BST)', 'Net-(U13-BST)'), ('Net-(U6-+)', 'Net-(U15-+)'), ('/CC_Buck0/V_sense', '/CC_Buck3/V_sense'), ('/CC_Buck0/DAC_IN', '/CC_Buck3/DAC_IN'), ('Net-(U4-RT)', 'Net-(U13-RT)')]
07-23 22:53:29 root 332:updating GUI message: 'Replicating zones'
07-23 22:53:29 com_github_MitjaNemec_ReplicateLayout.replicate_layout 1079:Replicating zones
07-23 22:53:29 root 337:updating GUI with: 0
07-23 22:53:29 com_github_MitjaNemec_ReplicateLayout.replicate_layout 1086:Replicating zones on sheet ['CC_Buck1']
07-23 22:53:29 com_github_MitjaNemec_ReplicateLayout.replicate_layout 792:Net pairs for sheet ['CC_Buck1'] :[('+5V', '+5V'), ('/CC_Buck0/FB', '/CC_Buck1/FB'), ('VCC', 'VCC'), ('/CC_Buck0/LEDOut', '/CC_Buck1/LEDOut'), ('/CC_Buck0/DAC_IN', '/CC_Buck1/DAC_IN'), ('Net-(U4-SW)', 'Net-(U7-SW)'), ('/CC_Buck0/V_sense', '/CC_Buck1/V_sense'), ('/CC_Buck0/SS{slash}PG1', '/CC_Buck1/SS{slash}PG1'), ('Net-(U6-+)', 'Net-(U9-+)'), ('GND', 'GND'), ('Net-(U4-RT)', 'Net-(U7-RT)'), ('Net-(U4-BST)', 'Net-(U7-BST)'), ('/CC_Buck0/50*V_sense1', '/CC_Buck1/50*V_sense1'), ('/Enable0', '/Enable1'), ('Net-(U6--)', 'Net-(U9--)'), ('/CC_Buck0/Sum', '/CC_Buck1/Sum')]
07-23 22:53:29 com_github_MitjaNemec_ReplicateLayout.replicate_layout 1086:Replicating zones on sheet ['CC_Buck2']
07-23 22:53:29 com_github_MitjaNemec_ReplicateLayout.replicate_layout 792:Net pairs for sheet ['CC_Buck2'] :[('+5V', '+5V'), ('/CC_Buck0/DAC_IN', '/CC_Buck2/DAC_IN'), ('VCC', 'VCC'), ('/CC_Buck0/50*V_sense1', '/CC_Buck2/50*V_sense1'), ('/Enable0', '/Enable2'), ('Net-(U4-BST)', 'Net-(U10-BST)'), ('Net-(U6-+)', 'Net-(U12-+)'), ('GND', 'GND'), ('Net-(U4-SW)', 'Net-(U10-SW)'), ('Net-(U4-RT)', 'Net-(U10-RT)'), ('/CC_Buck0/V_sense', '/CC_Buck2/V_sense'), ('Net-(U6--)', 'Net-(U12--)'), ('/CC_Buck0/SS{slash}PG1', '/CC_Buck2/SS{slash}PG1'), ('/CC_Buck0/FB', '/CC_Buck2/FB'), ('/CC_Buck0/LEDOut', '/CC_Buck2/LEDOut'), ('/CC_Buck0/Sum', '/CC_Buck2/Sum')]
07-23 22:53:29 com_github_MitjaNemec_ReplicateLayout.replicate_layout 1086:Replicating zones on sheet ['CC_Buck3']
07-23 22:53:29 com_github_MitjaNemec_ReplicateLayout.replicate_layout 792:Net pairs for sheet ['CC_Buck3'] :[('+5V', '+5V'), ('VCC', 'VCC'), ('Net-(U4-SW)', 'Net-(U13-SW)'), ('/CC_Buck0/FB', '/CC_Buck3/FB'), ('/CC_Buck0/50*V_sense1', '/CC_Buck3/50*V_sense1'), ('Net-(U6--)', 'Net-(U15--)'), ('/Enable0', '/Enable2'), ('/CC_Buck0/SS{slash}PG1', '/CC_Buck3/SS{slash}PG1'), ('/CC_Buck0/Sum', '/CC_Buck3/Sum'), ('GND', 'GND'), ('/CC_Buck0/LEDOut', '/CC_Buck3/LEDOut'), ('Net-(U4-BST)', 'Net-(U13-BST)'), ('Net-(U6-+)', 'Net-(U15-+)'), ('/CC_Buck0/V_sense', '/CC_Buck3/V_sense'), ('/CC_Buck0/DAC_IN', '/CC_Buck3/DAC_IN'), ('Net-(U4-RT)', 'Net-(U13-RT)')]
07-23 22:53:29 root 332:updating GUI message: 'Replicating text'
07-23 22:53:29 com_github_MitjaNemec_ReplicateLayout.replicate_layout 1168:Replicating text
07-23 22:53:29 com_github_MitjaNemec_ReplicateLayout.replicate_layout 1175:Replicating text on sheet ['CC_Buck1']
07-23 22:53:29 com_github_MitjaNemec_ReplicateLayout.replicate_layout 1175:Replicating text on sheet ['CC_Buck2']
07-23 22:53:29 com_github_MitjaNemec_ReplicateLayout.replicate_layout 1175:Replicating text on sheet ['CC_Buck3']
07-23 22:53:29 root 332:updating GUI message: 'Replicating drawings'
07-23 22:53:29 com_github_MitjaNemec_ReplicateLayout.replicate_layout 1219:Replicating drawings
07-23 22:53:29 root 337:updating GUI with: 0
07-23 22:53:29 com_github_MitjaNemec_ReplicateLayout.replicate_layout 1225:Replicating drawings on sheet ['CC_Buck1']
07-23 22:53:29 com_github_MitjaNemec_ReplicateLayout.replicate_layout 1225:Replicating drawings on sheet ['CC_Buck2']
07-23 22:53:29 com_github_MitjaNemec_ReplicateLayout.replicate_layout 1225:Replicating drawings on sheet ['CC_Buck3']
07-23 22:53:30 com_github_MitjaNemec_ReplicateLayout.action_replicate_layout 256:Replication complete
